Build started 26.03.2021 14:48:26.
     1>Project "C:\Users\user\Documents\Visual Studio 2010\OLDProject\Igra\Igra\Igra.vcxproj" on node 2 (build target(s)).
     1>InitializeBuildStatus:
         Touching "Debug\Igra.unsuccessfulbuild".
       GenerateTargetFrameworkMonikerAttribute:
       Skipping target "GenerateTargetFrameworkMonikerAttribute" because all output files are up-to-date with respect to the input files.
       ClCompile:
         All outputs are up-to-date.
         C:\Program Files (x86)\Microsoft Visual Studio 10.0\VC\bin\CL.exe /c /AI"C:\Program Files (x86)\Reference Assemblies\Microsoft\Framework\.NETFramework\v4.0" /Zi /clr /nologo /W3 /WX- /Od /Oy- /D WIN32 /D _DEBUG /D _UNICODE /D UNICODE /EHa /MDd /GS /fp:precise /Zc:wchar_t /Zc:forScope /Yu"StdAfx.h" /Fp"Debug\Igra.pch" /Fo"Debug\\" /Fd"Debug\vc100.pdb" /TP /FU"C:\Program Files (x86)\Reference Assemblies\Microsoft\Framework\.NETFramework\v4.0\System.Core.dll" /FU"C:\Program Files (x86)\Reference Assemblies\Microsoft\Framework\.NETFramework\v4.0\System.Data.dll" /FU"C:\Program Files (x86)\Reference Assemblies\Microsoft\Framework\.NETFramework\v4.0\System.dll" /FU"C:\Program Files (x86)\Reference Assemblies\Microsoft\Framework\.NETFramework\v4.0\System.Xml.dll" /analyze- /errorReport:prompt Igra.cpp /clr:nostdlib 
         Igra.cpp
     1>Igra.cpp(83): warning C4996: 'getch': The POSIX name for this item is deprecated. Instead, use the ISO C++ conformant name: _getch. See online help for details.
                 C:\Program Files (x86)\Microsoft Visual Studio 10.0\VC\include\conio.h(128) : see declaration of 'getch'
         All outputs are up-to-date.
       ResourceCompile:
         All outputs are up-to-date.
       Link:
         C:\Program Files (x86)\Microsoft Visual Studio 10.0\VC\bin\link.exe /ERRORREPORT:PROMPT /OUT:"C:\Users\user\Documents\Visual Studio 2010\OLDProject\Igra\Debug\Igra.exe" /INCREMENTAL /NOLOGO /MANIFEST /ManifestFile:"Debug\Igra.exe.intermediate.manifest" /MANIFESTUAC:"level='asInvoker' uiAccess='false'" /DEBUG /PDB:"C:\Users\user\Documents\Visual Studio 2010\OLDProject\Igra\Debug\Igra.pdb" /ASSEMBLYDEBUG /TLBID:1 /DYNAMICBASE /FIXED:NO /NXCOMPAT /MACHINE:X86 Debug\app.res
         Debug\AssemblyInfo.obj
         Debug\Igra.obj
         Debug\stdafx.obj
         "Debug\.NETFramework,Version=v4.0.AssemblyAttributes.obj"
         Igra.vcxproj -> C:\Users\user\Documents\Visual Studio 2010\OLDProject\Igra\Debug\Igra.exe
       Manifest:
         C:\Program Files (x86)\Microsoft SDKs\Windows\v7.0A\bin\mt.exe /nologo /verbose /outputresource:"C:\Users\user\Documents\Visual Studio 2010\OLDProject\Igra\Debug\Igra.exe;#1" /manifest Debug\Igra.exe.intermediate.manifest
       FinalizeBuildStatus:
         Deleting file "Debug\Igra.unsuccessfulbuild".
         Touching "Debug\Igra.lastbuildstate".
     1>Done Building Project "C:\Users\user\Documents\Visual Studio 2010\OLDProject\Igra\Igra\Igra.vcxproj" (build target(s)).

Build succeeded.

Time Elapsed 00:00:03.72
